T4DEC 33037:746.176   SEGGER J-Link V7.96c Log File
T4DEC 33037:746.176   DLL Compiled: Apr  2 2024 12:30:42
T4DEC 33037:746.176   Logging started @ 2024-04-25 04:54
T4DEC 33037:746.176   Process: C:\Program Files (x86)\Atmel\Studio\7.0\atbackend\atbackend.exe
T4DEC 33037:746.176 - 796184.896ms
T4DEC 33037:756.416 JLINK_ExecCommand("Device = ATSAMD21G18A", ...). 
T4DEC 33037:756.416   Device "ATSAMD21G18A" selected.
T4DEC 33037:756.416 - 0.361ms returns 0x00
T4DEC 33037:768.704 JLINK_TIF_Select(JLINKARM_TIF_SWD)
T4DEC 33037:768.704 - 0.456ms returns 0x00
T4DEC 33037:768.704 JLINK_SetSpeed(4000)
T4DEC 33037:772.800 - 0.054ms
T4DEC 33037:772.800 JLINK_ResetPullsRESET(OFF)
T4DEC 33037:772.800 - 0.011ms
T4DEC 33037:772.800 JLINK_Connect()
T4DEC 33037:772.800 - 0.184ms returns 0xFFFFFEFD
T4DEC 33037:772.800 JLINK_ResetPullsRESET(ON)
T4DEC 33037:772.800 - 0.011ms
T4DEC 33037:772.800 JLINK_ResetNoHalt()
T4DEC 33037:772.800 - 0.116ms
T4DEC 33037:774.848 JLINK_GetHWStatus(...)
T4DEC 33037:774.848 - 0.134ms returns 0
T7620 33038:077.952 JLINK_EMU_GetList(InterfaceMask = 0x00000001, MaxInfos = 0x00000032) 
T7620 33038:080.000   [0]: USB, S/N: 801048258
T7620 33038:080.000 - 0.425ms returns 1
T7620 33038:080.000 JLINK_EMU_GetList(InterfaceMask = 0x00000002, MaxInfos = 0x00000032) 
T7620 33038:123.008 - 43.937ms returns 0
T7620 33039:165.440 JLINK_EMU_GetList(InterfaceMask = 0x00000001, MaxInfos = 0x00000032) 
T7620 33039:165.440   [0]: USB, S/N: 801048258
T7620 33039:165.440 - 0.422ms returns 1
T7620 33039:165.440 JLINK_EMU_GetList(InterfaceMask = 0x00000002, MaxInfos = 0x00000032) 
T7620 33039:210.496 - 44.864ms returns 0
T4DEC 33039:210.496 JLINK_Close()
T4DEC 33039:214.592 - 4.361ms
T4DEC 33039:214.592   
T4DEC 33039:214.592   Closed
